Determining if the include file libavformat/avformat.h exists failed with the following output:
Change Dir: /home/sandy/Iris/OPENCV/release/CMakeFiles/CMakeTmp

Run Build Command:/usr/bin/make "cmTryCompileExec2845825719/fast"
/usr/bin/make -f CMakeFiles/cmTryCompileExec2845825719.dir/build.make CMakeFiles/cmTryCompileExec2845825719.dir/build
make[1]: Entering directory `/home/sandy/Iris/OPENCV/release/CMakeFiles/CMakeTmp'
/usr/bin/cmake -E cmake_progress_report /home/sandy/Iris/OPENCV/release/CMakeFiles/CMakeTmp/CMakeFiles 1
Building C object CMakeFiles/cmTryCompileExec2845825719.dir/CheckIncludeFile.c.o
/usr/bin/cc    -o CMakeFiles/cmTryCompileExec2845825719.dir/CheckIncludeFile.c.o   -c /home/sandy/Iris/OPENCV/release/CMakeFiles/CMakeTmp/CheckIncludeFile.c
/home/sandy/Iris/OPENCV/release/CMakeFiles/CMakeTmp/CheckIncludeFile.c:1:34: fatal error: libavformat/avformat.h: No such file or directory
compilation terminated.
make[1]: Leaving directory `/home/sandy/Iris/OPENCV/release/CMakeFiles/CMakeTmp'
make[1]: *** [CMakeFiles/cmTryCompileExec2845825719.dir/CheckIncludeFile.c.o] Error 1
make: *** [cmTryCompileExec2845825719/fast] Error 2


Determining if the include file ffmpeg/avformat.h exists failed with the following output:
Change Dir: /home/sandy/Iris/OPENCV/release/CMakeFiles/CMakeTmp

Run Build Command:/usr/bin/make "cmTryCompileExec886017560/fast"
/usr/bin/make -f CMakeFiles/cmTryCompileExec886017560.dir/build.make CMakeFiles/cmTryCompileExec886017560.dir/build
make[1]: Entering directory `/home/sandy/Iris/OPENCV/release/CMakeFiles/CMakeTmp'
/usr/bin/cmake -E cmake_progress_report /home/sandy/Iris/OPENCV/release/CMakeFiles/CMakeTmp/CMakeFiles 1
Building C object CMakeFiles/cmTryCompileExec886017560.dir/CheckIncludeFile.c.o
/usr/bin/cc    -o CMakeFiles/cmTryCompileExec886017560.dir/CheckIncludeFile.c.o   -c /home/sandy/Iris/OPENCV/release/CMakeFiles/CMakeTmp/CheckIncludeFile.c
/home/sandy/Iris/OPENCV/release/CMakeFiles/CMakeTmp/CheckIncludeFile.c:1:29: fatal error: ffmpeg/avformat.h: No such file or directory
compilation terminated.
make[1]: Leaving directory `/home/sandy/Iris/OPENCV/release/CMakeFiles/CMakeTmp'
make[1]: *** [CMakeFiles/cmTryCompileExec886017560.dir/CheckIncludeFile.c.o] Error 1
make: *** [cmTryCompileExec886017560/fast] Error 2


Determining if the function alloca exists failed with the following output:
Change Dir: /home/sandy/Iris/OPENCV/release/CMakeFiles/CMakeTmp

Run Build Command:/usr/bin/make "cmTryCompileExec1401079200/fast"
/usr/bin/make -f CMakeFiles/cmTryCompileExec1401079200.dir/build.make CMakeFiles/cmTryCompileExec1401079200.dir/build
make[1]: Entering directory `/home/sandy/Iris/OPENCV/release/CMakeFiles/CMakeTmp'
/usr/bin/cmake -E cmake_progress_report /home/sandy/Iris/OPENCV/release/CMakeFiles/CMakeTmp/CMakeFiles 1
Building C object CMakeFiles/cmTryCompileExec1401079200.dir/CheckFunctionExists.c.o
/usr/bin/cc   -DCHECK_FUNCTION_EXISTS=alloca   -o CMakeFiles/cmTryCompileExec1401079200.dir/CheckFunctionExists.c.o   -c /usr/share/cmake-2.8/Modules/CheckFunctionExists.c
/usr/share/cmake-2.8/Modules/CheckFunctionExists.c:3:6: warning: conflicting types for built-in function ‘alloca’ [enabled by default]
Linking C executable cmTryCompileExec1401079200
/usr/bin/cmake -E cmake_link_script CMakeFiles/cmTryCompileExec1401079200.dir/link.txt --verbose=1
/usr/bin/cc     -DCHECK_FUNCTION_EXISTS=alloca    CMakeFiles/cmTryCompileExec1401079200.dir/CheckFunctionExists.c.o  -o cmTryCompileExec1401079200 -rdynamic 
CMakeFiles/cmTryCompileExec1401079200.dir/CheckFunctionExists.c.o: In function `main':
CheckFunctionExists.c:(.text+0x12): undefined reference to `alloca'
collect2: error: ld returned 1 exit status
make[1]: *** [cmTryCompileExec1401079200] Error 1
make[1]: Leaving directory `/home/sandy/Iris/OPENCV/release/CMakeFiles/CMakeTmp'
make: *** [cmTryCompileExec1401079200/fast] Error 2


Determining if the include file linux/videodev.h exists failed with the following output:
Change Dir: /home/sandy/Iris/OPENCV/release/CMakeFiles/CMakeTmp

Run Build Command:/usr/bin/make "cmTryCompileExec1950946687/fast"
/usr/bin/make -f CMakeFiles/cmTryCompileExec1950946687.dir/build.make CMakeFiles/cmTryCompileExec1950946687.dir/build
make[1]: Entering directory `/home/sandy/Iris/OPENCV/release/CMakeFiles/CMakeTmp'
/usr/bin/cmake -E cmake_progress_report /home/sandy/Iris/OPENCV/release/CMakeFiles/CMakeTmp/CMakeFiles 1
Building C object CMakeFiles/cmTryCompileExec1950946687.dir/CheckIncludeFile.c.o
/usr/bin/cc    -o CMakeFiles/cmTryCompileExec1950946687.dir/CheckIncludeFile.c.o   -c /home/sandy/Iris/OPENCV/release/CMakeFiles/CMakeTmp/CheckIncludeFile.c
/home/sandy/Iris/OPENCV/release/CMakeFiles/CMakeTmp/CheckIncludeFile.c:1:28: fatal error: linux/videodev.h: No such file or directory
compilation terminated.
make[1]: Leaving directory `/home/sandy/Iris/OPENCV/release/CMakeFiles/CMakeTmp'
make[1]: *** [CMakeFiles/cmTryCompileExec1950946687.dir/CheckIncludeFile.c.o] Error 1
make: *** [cmTryCompileExec1950946687/fast] Error 2


